This is pdfTeXk, Version 3.141592-1.40.3 (Web2C 7.5.6) (format=pdflatex 2008.12.10)  23 MAY 2011 00:01
entering extended mode
 %&-line parsing enabled.
**anchors
(./anchors.tex
LaTeX2e <2005/12/01>
Babel <v3.8h> and hyphenation patterns for english, usenglishmax, dumylang, noh
yphenation, loaded.
(/usr/share/texmf-texlive/tex/latex/amscls/amsart.cls
Document Class: amsart 2004/08/06 v2.20
\linespacing=\dimen102
\normalparindent=\dimen103
\normaltopskip=\skip41
(/usr/share/texmf-texlive/tex/latex/amsmath/amsmath.sty
Package: amsmath 2000/07/18 v2.13 AMS math features
\@mathmargin=\skip42

For additional information on amsmath, use the `?' option.
(/usr/share/texmf-texlive/tex/latex/amsmath/amstext.sty
Package: amstext 2000/06/29 v2.01

(/usr/share/texmf-texlive/tex/latex/amsmath/amsgen.sty
File: amsgen.sty 1999/11/30 v2.0
\@emptytoks=\toks14
\ex@=\dimen104
))
(/usr/share/texmf-texlive/tex/latex/amsmath/amsbsy.sty
Package: amsbsy 1999/11/29 v1.2d
\pmbraise@=\dimen105
)
(/usr/share/texmf-texlive/tex/latex/amsmath/amsopn.sty
Package: amsopn 1999/12/14 v2.01 operator names
)
\inf@bad=\count79
LaTeX Info: Redefining \frac on input line 211.
\uproot@=\count80
\leftroot@=\count81
LaTeX Info: Redefining \overline on input line 307.
\classnum@=\count82
\DOTSCASE@=\count83
LaTeX Info: Redefining \ldots on input line 379.
LaTeX Info: Redefining \dots on input line 382.
LaTeX Info: Redefining \cdots on input line 467.
\Mathstrutbox@=\box26
\strutbox@=\box27
\big@size=\dimen106
LaTeX Font Info:    Redeclaring font encoding OML on input line 567.
LaTeX Font Info:    Redeclaring font encoding OMS on input line 568.
\macc@depth=\count84
\c@MaxMatrixCols=\count85
\dotsspace@=\muskip10
\c@parentequation=\count86
\dspbrk@lvl=\count87
\tag@help=\toks15
\row@=\count88
\column@=\count89
\maxfields@=\count90
\andhelp@=\toks16
\eqnshift@=\dimen107
\alignsep@=\dimen108
\tagshift@=\dimen109
\tagwidth@=\dimen110
\totwidth@=\dimen111
\lineht@=\dimen112
\@envbody=\toks17
\multlinegap=\skip43
\multlinetaggap=\skip44
\mathdisplay@stack=\toks18
LaTeX Info: Redefining \[ on input line 2666.
LaTeX Info: Redefining \] on input line 2667.
)
LaTeX Font Info:    Try loading font information for U+msa on input line 407.

(/usr/share/texmf-texlive/tex/latex/amsfonts/umsa.fd
File: umsa.fd 2002/01/19 v2.2g AMS font definitions
)
(/usr/share/texmf-texlive/tex/latex/amsfonts/amsfonts.sty
Package: amsfonts 2001/10/25 v2.2f
\symAMSa=\mathgroup4
\symAMSb=\mathgroup5
LaTeX Font Info:    Overwriting math alphabet `\mathfrak' in version `bold'
(Font)                  U/euf/m/n --> U/euf/b/n on input line 132.
)
\copyins=\insert233
\abstractbox=\box28
\listisep=\skip45
\c@part=\count91
\c@section=\count92
\c@subsection=\count93
\c@subsubsection=\count94
\c@paragraph=\count95
\c@subparagraph=\count96
\c@figure=\count97
\c@table=\count98
\abovecaptionskip=\skip46
\belowcaptionskip=\skip47
\captionindent=\dimen113
\thm@style=\toks19
\thm@bodyfont=\toks20
\thm@headfont=\toks21
\thm@notefont=\toks22
\thm@headpunct=\toks23
\thm@preskip=\skip48
\thm@postskip=\skip49
\thm@headsep=\skip50
\dth@everypar=\toks24
)
(/home/wand/texinputs/natbib.sty
Package: natbib 1999/02/25 6.9 (PWD)
\bibhang=\skip51
\bibsep=\skip52
LaTeX Info: Redefining \cite on input line 486.
\c@NAT@ctr=\count99
)
(/usr/share/texmf-texlive/tex/latex/psnfss/times.sty
Package: times 2005/04/12 PSNFSS-v9.2a (SPQR) 
)
(/usr/share/texmf-texlive/tex/generic/xypic/xy.sty
(/usr/share/texmf-texlive/tex/generic/xypic/xy.tex Bootstrap'ing: catcodes,
docmode, (/usr/share/texmf-texlive/tex/generic/xypic/xyrecat.tex)
(/usr/share/texmf-texlive/tex/generic/xypic/xyidioms.tex)

 Xy-pic version 3.7 <1999/02/16>
 Copyright (c) 1991-1998 by Kristoffer H. Rose <krisrose@ens-lyon.fr>
 Xy-pic is free software: see the User's Guide for details.

Loading kernel: messages; fonts; allocations: state,
\X@c=\dimen114
\Y@c=\dimen115
\U@c=\dimen116
\D@c=\dimen117
\L@c=\dimen118
\R@c=\dimen119
\Edge@c=\toks25
\X@p=\dimen120
\Y@p=\dimen121
\U@p=\dimen122
\D@p=\dimen123
\L@p=\dimen124
\R@p=\dimen125
\Edge@p=\toks26
\X@origin=\dimen126
\Y@origin=\dimen127
\X@xbase=\dimen128
\Y@xbase=\dimen129
\X@ybase=\dimen130
\Y@ybase=\dimen131
\X@min=\dimen132
\Y@min=\dimen133
\X@max=\dimen134
\Y@max=\dimen135
\lastobjectbox@=\box29
\zerodotbox@=\box30
\almostz@=\dimen136
 direction,
\d@X=\dimen137
\d@Y=\dimen138
\K@=\count100
\KK@=\count101
\Direction=\count102
\K@dXdY=\dimen139
\K@dYdX=\dimen140
\xyread@=\read1
\xywrite@=\write3
\csp@=\count103
\quotPTK@=\dimen141

utility macros; pictures: \xy, positions,
\swaptoks@@=\toks27
\connectobjectbox@@=\box31
 objects,
\styletoks@=\toks28
 decorations;
kernel objects: directionals, circles, text; options; algorithms: directions,
edges, connections;  Xy-pic loaded)
Package: xy 1999/02/16 Xy-pic version 3.7

(/usr/share/texmf-texlive/tex/generic/xypic/xyall.tex
 Xy-pic option: All features v.3.3
(/usr/share/texmf-texlive/tex/generic/xypic/xycurve.tex
 Xy-pic option: Curve and Spline extension v.3.7 curve,
\crv@cnt@=\count104
\crvpts@=\toks29
\splinebox@=\box32
\splineval@=\dimen142
\splinedepth@=\dimen143
\splinetol@=\dimen144
\splinelength@=\dimen145
 circles,
\L@=\dimen146
 loaded)
(/usr/share/texmf-texlive/tex/generic/xypic/xyframe.tex
 Xy-pic option: Frame and Bracket extension v.3.7 loaded)
(/usr/share/texmf-texlive/tex/generic/xypic/xycmtip.tex
 Xy-pic option: Computer Modern tip extension v.3.3
(/usr/share/texmf-texlive/tex/generic/xypic/xytips.tex
 Xy-pic option: More Tips extension v.3.3 loaded) loaded)
(/usr/share/texmf-texlive/tex/generic/xypic/xyline.tex
 Xy-pic option: Line styles extension v.3.6
\xylinethick@=\dimen147
 loaded)
(/usr/share/texmf-texlive/tex/generic/xypic/xyrotate.tex
 Xy-pic option: Rotate and Scale extension v.3.3 loaded)
(/usr/share/texmf-texlive/tex/generic/xypic/xycolor.tex
 Xy-pic option: Colour extension v.3.3 loaded)
(/usr/share/texmf-texlive/tex/generic/xypic/xymatrix.tex
 Xy-pic option: Matrix feature v.3.4
\Row=\count105
\Col=\count106
\queue@=\toks30
\queue@@=\toks31
\qcount@=\count107
\qcount@@=\count108
\matrixsize@=\count109
 loaded)
(/usr/share/texmf-texlive/tex/generic/xypic/xyarrow.tex
 Xy-pic option: Arrow and Path feature v.3.5 path, \ar, loaded)
(/usr/share/texmf-texlive/tex/generic/xypic/xygraph.tex
 Xy-pic option: Graph feature v.3.7 loaded) loaded))
(/home/wand/texinputs/html.sty
(/usr/share/texmf-texlive/tex/latex/hyperref/hyperref.sty
Package: hyperref 2007/02/07 v6.75r Hypertext links for LaTeX

(/usr/share/texmf-texlive/tex/latex/graphics/keyval.sty
Package: keyval 1999/03/16 v1.13 key=value parser (DPC)
\KV@toks@=\toks32
)
\@linkdim=\dimen148
\Hy@linkcounter=\count110
\Hy@pagecounter=\count111

(/usr/share/texmf-texlive/tex/latex/hyperref/pd1enc.def
File: pd1enc.def 2007/02/07 v6.75r Hyperref: PDFDocEncoding definition (HO)
)
(/usr/share/texmf-texlive/doc/latex/vhistory/hyperref.cfg
File: hyperref.cfg 2002/06/06 v1.2 hyperref configuration of TeXLive and teTeX
)
(/usr/share/texmf-texlive/tex/latex/oberdiek/kvoptions.sty
Package: kvoptions 2006/08/22 v2.4 Connects package keyval with LaTeX options (
HO)
)
Package hyperref Info: Hyper figures OFF on input line 2288.
Package hyperref Info: Link nesting OFF on input line 2293.
Package hyperref Info: Hyper index ON on input line 2296.
Package hyperref Info: Plain pages OFF on input line 2303.
Package hyperref Info: Backreferencing OFF on input line 2308.

Implicit mode ON; LaTeX internals redefined
Package hyperref Info: Bookmarks ON on input line 2444.
(/usr/share/texmf-texlive/tex/latex/ltxmisc/url.sty
\Urlmuskip=\muskip11
Package: url 2005/06/27  ver 3.2  Verb mode for urls, etc.
)
LaTeX Info: Redefining \url on input line 2599.
\Fld@menulength=\count112
\Field@Width=\dimen149
\Fld@charsize=\dimen150
\Choice@toks=\toks33
\Field@toks=\toks34
Package hyperref Info: Hyper figures OFF on input line 3102.
Package hyperref Info: Link nesting OFF on input line 3107.
Package hyperref Info: Hyper index ON on input line 3110.
Package hyperref Info: backreferencing OFF on input line 3117.
Package hyperref Info: Link coloring OFF on input line 3122.
\Hy@abspage=\count113
\c@Item=\count114
\c@Hfootnote=\count115
)
*hyperref using default driver hpdftex*
(/usr/share/texmf-texlive/tex/latex/hyperref/hpdftex.def
File: hpdftex.def 2007/02/07 v6.75r Hyperref driver for pdfTeX
\Fld@listcount=\count116
)
Package: html 1999/07/19 v1.38 hypertext commands for latex2html (nd, hws, rrm)

\c@lpart=\count117
\c@lchapter=\count118
\c@chapter=\count119
\c@lsection=\count120
\c@lsubsection=\count121
\c@lsubsubsection=\count122
\c@lparagraph=\count123
\c@lsubparagraph=\count124
\c@lsubsubparagraph=\count125
\ptrfile=\write4
)

Package hyperref Warning: Values of option `pdfpagemode':
(hyperref)                * `UseNone'
(hyperref)                * `UseOutlines'
(hyperref)                * `UseThumbs'
(hyperref)                * `FullScreen'
(hyperref)                * `UseOC' (PDF 1.5)
(hyperref)                * `UseAttachments' (PDF 1.6)
(hyperref)                * An empty value disables the option.
(hyperref)                Unknown value `None' on input line 50.

(/usr/share/texmf/tex/latex/R/tex/latex/Sweave.sty
Package: Sweave 

(/usr/share/texmf-texlive/tex/latex/base/ifthen.sty
Package: ifthen 2001/05/26 v1.1c Standard LaTeX ifthen package (DPC)
)
(/usr/share/texmf-texlive/tex/latex/graphics/graphicx.sty
Package: graphicx 1999/02/16 v1.0f Enhanced LaTeX Graphics (DPC,SPQR)

(/usr/share/texmf-texlive/tex/latex/graphics/graphics.sty
Package: graphics 2006/02/20 v1.0o Standard LaTeX Graphics (DPC,SPQR)

(/usr/share/texmf-texlive/tex/fontinst/base/trig.sty
Package: trig 1999/03/16 v1.09 sin cos tan (DPC)
)
(/etc/texmf/tex/latex/config/graphics.cfg
File: graphics.cfg 2007/01/18 v1.5 graphics configuration of teTeX/TeXLive
)
Package graphics Info: Driver file: pdftex.def on input line 90.
 (/home/wand/texinputs/pdftex.def
File: pdftex.def 2002/06/19 v0.03k graphics/color for pdftex
\Gread@gobject=\count126
))
\Gin@req@height=\dimen151
\Gin@req@width=\dimen152
)
(/usr/share/texmf-texlive/tex/latex/fancyvrb/fancyvrb.sty
Package: fancyvrb 1998/07/17

Style option: `fancyvrb' v2.6, with DG/SPQR fixes <1998/07/17> (tvz)
\FV@CodeLineNo=\count127
\FV@InFile=\read2
\FV@TabBox=\box33
\c@FancyVerbLine=\count128
\FV@StepNumber=\count129
\FV@OutFile=\write5

No file fancyvrb.cfg.
) (/usr/share/texmf-texlive/tex/latex/upquote/upquote.sty
Package: upquote 2003/08/11 v1.1 Covington's upright-quote modification to verb
atim and verb

(/usr/share/texmf-texlive/tex/latex/base/textcomp.sty
Package: textcomp 2005/09/27 v1.99g Standard LaTeX package
Package textcomp Info: Sub-encoding information:
(textcomp)               5 = only ISO-Adobe without \textcurrency
(textcomp)               4 = 5 + \texteuro
(textcomp)               3 = 4 + \textohm
(textcomp)               2 = 3 + \textestimated + \textcurrency
(textcomp)               1 = TS1 - \textcircled - \t
(textcomp)               0 = TS1 (full)
(textcomp)             Font families with sub-encoding setting implement
(textcomp)             only a restricted character set as indicated.
(textcomp)             Family '?' is the default used for unknown fonts.
(textcomp)             See the documentation for details.
Package textcomp Info: Setting ? sub-encoding to TS1/1 on input line 71.

(/usr/share/texmf-texlive/tex/latex/base/ts1enc.def
File: ts1enc.def 2001/06/05 v3.0e (jk/car/fm) Standard LaTeX file
)
LaTeX Info: Redefining \oldstylenums on input line 266.
Package textcomp Info: Setting cmr sub-encoding to TS1/0 on input line 281.
Package textcomp Info: Setting cmss sub-encoding to TS1/0 on input line 282.
Package textcomp Info: Setting cmtt sub-encoding to TS1/0 on input line 283.
Package textcomp Info: Setting cmvtt sub-encoding to TS1/0 on input line 284.
Package textcomp Info: Setting cmbr sub-encoding to TS1/0 on input line 285.
Package textcomp Info: Setting cmtl sub-encoding to TS1/0 on input line 286.
Package textcomp Info: Setting ccr sub-encoding to TS1/0 on input line 287.
Package textcomp Info: Setting ptm sub-encoding to TS1/4 on input line 288.
Package textcomp Info: Setting pcr sub-encoding to TS1/4 on input line 289.
Package textcomp Info: Setting phv sub-encoding to TS1/4 on input line 290.
Package textcomp Info: Setting ppl sub-encoding to TS1/3 on input line 291.
Package textcomp Info: Setting pag sub-encoding to TS1/4 on input line 292.
Package textcomp Info: Setting pbk sub-encoding to TS1/4 on input line 293.
Package textcomp Info: Setting pnc sub-encoding to TS1/4 on input line 294.
Package textcomp Info: Setting pzc sub-encoding to TS1/4 on input line 295.
Package textcomp Info: Setting bch sub-encoding to TS1/4 on input line 296.
Package textcomp Info: Setting put sub-encoding to TS1/5 on input line 297.
Package textcomp Info: Setting uag sub-encoding to TS1/5 on input line 298.
Package textcomp Info: Setting ugq sub-encoding to TS1/5 on input line 299.
Package textcomp Info: Setting ul8 sub-encoding to TS1/4 on input line 300.
Package textcomp Info: Setting ul9 sub-encoding to TS1/4 on input line 301.
Package textcomp Info: Setting augie sub-encoding to TS1/5 on input line 302.
Package textcomp Info: Setting dayrom sub-encoding to TS1/3 on input line 303.
Package textcomp Info: Setting dayroms sub-encoding to TS1/3 on input line 304.

Package textcomp Info: Setting pxr sub-encoding to TS1/0 on input line 305.
Package textcomp Info: Setting pxss sub-encoding to TS1/0 on input line 306.
Package textcomp Info: Setting pxtt sub-encoding to TS1/0 on input line 307.
Package textcomp Info: Setting txr sub-encoding to TS1/0 on input line 308.
Package textcomp Info: Setting txss sub-encoding to TS1/0 on input line 309.
Package textcomp Info: Setting txtt sub-encoding to TS1/0 on input line 310.
Package textcomp Info: Setting futs sub-encoding to TS1/4 on input line 311.
Package textcomp Info: Setting futx sub-encoding to TS1/4 on input line 312.
Package textcomp Info: Setting futj sub-encoding to TS1/4 on input line 313.
Package textcomp Info: Setting hlh sub-encoding to TS1/3 on input line 314.
Package textcomp Info: Setting hls sub-encoding to TS1/3 on input line 315.
Package textcomp Info: Setting hlst sub-encoding to TS1/3 on input line 316.
Package textcomp Info: Setting hlct sub-encoding to TS1/5 on input line 317.
Package textcomp Info: Setting hlx sub-encoding to TS1/5 on input line 318.
Package textcomp Info: Setting hlce sub-encoding to TS1/5 on input line 319.
Package textcomp Info: Setting hlcn sub-encoding to TS1/5 on input line 320.
Package textcomp Info: Setting hlcw sub-encoding to TS1/5 on input line 321.
Package textcomp Info: Setting hlcf sub-encoding to TS1/5 on input line 322.
Package textcomp Info: Setting pplx sub-encoding to TS1/3 on input line 323.
Package textcomp Info: Setting pplj sub-encoding to TS1/3 on input line 324.
Package textcomp Info: Setting ptmx sub-encoding to TS1/4 on input line 325.
Package textcomp Info: Setting ptmj sub-encoding to TS1/4 on input line 326.
))
(/usr/share/texmf-texlive/tex/latex/base/fontenc.sty
Package: fontenc 2005/09/27 v1.99g Standard LaTeX package

(/usr/share/texmf-texlive/tex/latex/base/t1enc.def
File: t1enc.def 2005/09/27 v1.99g Standard LaTeX file
LaTeX Font Info:    Redeclaring font encoding T1 on input line 43.
))
(/usr/share/texmf-texlive/tex/latex/ae/ae.sty
Package: ae 2001/02/12 1.3 Almost European Computer Modern

(/usr/share/texmf-texlive/tex/latex/base/fontenc.sty
Package: fontenc 2005/09/27 v1.99g Standard LaTeX package

(/usr/share/texmf-texlive/tex/latex/base/t1enc.def
File: t1enc.def 2005/09/27 v1.99g Standard LaTeX file
LaTeX Font Info:    Redeclaring font encoding T1 on input line 43.
)
LaTeX Font Info:    Try loading font information for T1+aer on input line 100.

(/usr/share/texmf-texlive/tex/latex/ae/t1aer.fd
File: t1aer.fd 1997/11/16 Font definitions for T1/aer.
)))) (./anchors.aux)
\openout1 = `anchors.aux'.

LaTeX Font Info:    Checking defaults for OML/cmm/m/it on input line 78.
LaTeX Font Info:    ... okay on input line 78.
LaTeX Font Info:    Checking defaults for T1/cmr/m/n on input line 78.
LaTeX Font Info:    ... okay on input line 78.
LaTeX Font Info:    Checking defaults for OT1/cmr/m/n on input line 78.
LaTeX Font Info:    ... okay on input line 78.
LaTeX Font Info:    Checking defaults for OMS/cmsy/m/n on input line 78.
LaTeX Font Info:    ... okay on input line 78.
LaTeX Font Info:    Checking defaults for OMX/cmex/m/n on input line 78.
LaTeX Font Info:    ... okay on input line 78.
LaTeX Font Info:    Checking defaults for U/cmr/m/n on input line 78.
LaTeX Font Info:    ... okay on input line 78.
LaTeX Font Info:    Checking defaults for PD1/pdf/m/n on input line 78.
LaTeX Font Info:    ... okay on input line 78.
LaTeX Font Info:    Checking defaults for TS1/cmr/m/n on input line 78.
LaTeX Font Info:    Try loading font information for TS1+cmr on input line 78.

(/usr/share/texmf-texlive/tex/latex/base/ts1cmr.fd
File: ts1cmr.fd 1999/05/25 v2.5h Standard LaTeX font definitions
)
LaTeX Font Info:    ... okay on input line 78.
LaTeX Font Info:    Try loading font information for U+msa on input line 78.

(/usr/share/texmf-texlive/tex/latex/amsfonts/umsa.fd
File: umsa.fd 2002/01/19 v2.2g AMS font definitions
)
LaTeX Font Info:    Try loading font information for U+msb on input line 78.

(/usr/share/texmf-texlive/tex/latex/amsfonts/umsb.fd
File: umsb.fd 2002/01/19 v2.2g AMS font definitions
)
Package hyperref Info: Link coloring OFF on input line 78.

(/usr/share/texmf-texlive/tex/latex/hyperref/nameref.sty
Package: nameref 2006/12/27 v2.28 Cross-referencing by name of section

(/usr/share/texmf-texlive/tex/latex/oberdiek/refcount.sty
Package: refcount 2006/02/20 v3.0 Data extraction from references (HO)
)
\c@section@level=\count130
)
LaTeX Info: Redefining \ref on input line 78.
LaTeX Info: Redefining \pageref on input line 78.
 (./anchors.out)
(./anchors.out)
\@outlinefile=\write6
\openout6 = `anchors.out'.

 (/home/wand/texinputs/supp-pdf.tex
(/home/wand/texinputs/supp-mis.tex
loading : Context Support Macros / Missing
\protectiondepth=\count131
\scratchcounter=\count132
\scratchtoks=\toks35
\scratchdimen=\dimen153
\scratchskip=\skip53
\scratchmuskip=\muskip12
\scratchbox=\box34
\scratchread=\read3
\scratchwrite=\write7
\zeropoint=\dimen154
\nextbox=\box35
\nextdepth=\dimen155
\everyline=\toks36
\!!counta=\count133
\!!countb=\count134
\recursecounter=\count135
)
loading : Context Support Macros / PDF
\nofMPsegments=\count136
\nofMParguments=\count137
\everyMPtoPDFconversion=\toks37
)
LaTeX Font Info:    Try loading font information for T1+aett on input line 82.
 (/usr/share/texmf-texlive/tex/latex/ae/t1aett.fd
File: t1aett.fd 1997/11/16 Font definitions for T1/aett.
)
LaTeX Font Info:    Try loading font information for T1+aess on input line 82.

(/usr/share/texmf-texlive/tex/latex/ae/t1aess.fd
File: t1aess.fd 1997/11/16 Font definitions for T1/aess.
)
Overfull \hbox (33.17569pt too wide) in paragraph at lines 159--163
[][] 
 []

[1{/home/wand/.texmf-var/fonts/map/pdftex/updmap/pdftex.map}]
Overfull \hbox (1.92561pt too wide) in paragraph at lines 180--191
[][] 
 []

[2] [3]

LaTeX Font Warning: Font shape `T1/aett/bx/n' undefined
(Font)              using `T1/aett/m/n' instead on input line 313.

[4]

Package hyperref Warning: Token not allowed in a PDFDocEncoded string,
(hyperref)                removing `\<def>-command' on input line 436.


Package hyperref Warning: Token not allowed in a PDFDocEncoded string,
(hyperref)                removing `\f@encoding' on input line 436.


Package hyperref Warning: Token not allowed in a PDFDocEncoded string,
(hyperref)                removing `\<let>-command' on input line 436.


Package hyperref Warning: Token not allowed in a PDFDocEncoded string,
(hyperref)                removing `\<def>-command' on input line 436.


Package hyperref Warning: Token not allowed in a PDFDocEncoded string,
(hyperref)                removing `\f@family' on input line 436.


Package hyperref Warning: Token not allowed in a PDFDocEncoded string,
(hyperref)                removing `\<def>-command' on input line 436.


Package hyperref Warning: Token not allowed in a PDFDocEncoded string,
(hyperref)                removing `\f@series' on input line 436.


Package hyperref Warning: Token not allowed in a PDFDocEncoded string,
(hyperref)                removing `\<def>-command' on input line 436.


Package hyperref Warning: Token not allowed in a PDFDocEncoded string,
(hyperref)                removing `\f@shape' on input line 436.


Package hyperref Warning: Token not allowed in a PDFDocEncoded string,
(hyperref)                removing `\<def>-command' on input line 436.


Package hyperref Warning: Token not allowed in a PDFDocEncoded string,
(hyperref)                removing `\font@name' on input line 436.


Package hyperref Warning: Token not allowed in a PDFDocEncoded string,
(hyperref)                removing `\T1/aett/m/n/10' on input line 436.


Package hyperref Warning: Token not allowed in a PDFDocEncoded string,
(hyperref)                removing `\ignorespaces' on input line 436.


Package hyperref Warning: Token not allowed in a PDFDocEncoded string,
(hyperref)                removing `\<def>-command' on input line 436.


Package hyperref Warning: Token not allowed in a PDFDocEncoded string,
(hyperref)                removing `\f@shape' on input line 436.


Package hyperref Warning: Token not allowed in a PDFDocEncoded string,
(hyperref)                removing `\<def>-command' on input line 436.


Package hyperref Warning: Token not allowed in a PDFDocEncoded string,
(hyperref)                removing `\font@name' on input line 436.


Package hyperref Warning: Token not allowed in a PDFDocEncoded string,
(hyperref)                removing `\T1/aett/m/n/10' on input line 436.


Package hyperref Warning: Token not allowed in a PDFDocEncoded string,
(hyperref)                removing `\<def>-command' on input line 436.


Package hyperref Warning: Token not allowed in a PDFDocEncoded string,
(hyperref)                removing `\f@encoding' on input line 436.


Package hyperref Warning: Token not allowed in a PDFDocEncoded string,
(hyperref)                removing `\<let>-command' on input line 436.


Package hyperref Warning: Token not allowed in a PDFDocEncoded string,
(hyperref)                removing `\<def>-command' on input line 436.


Package hyperref Warning: Token not allowed in a PDFDocEncoded string,
(hyperref)                removing `\f@family' on input line 436.


Package hyperref Warning: Token not allowed in a PDFDocEncoded string,
(hyperref)                removing `\<def>-command' on input line 436.


Package hyperref Warning: Token not allowed in a PDFDocEncoded string,
(hyperref)                removing `\f@series' on input line 436.


Package hyperref Warning: Token not allowed in a PDFDocEncoded string,
(hyperref)                removing `\<def>-command' on input line 436.


Package hyperref Warning: Token not allowed in a PDFDocEncoded string,
(hyperref)                removing `\f@shape' on input line 436.


Package hyperref Warning: Token not allowed in a PDFDocEncoded string,
(hyperref)                removing `\<def>-command' on input line 436.


Package hyperref Warning: Token not allowed in a PDFDocEncoded string,
(hyperref)                removing `\font@name' on input line 436.


Package hyperref Warning: Token not allowed in a PDFDocEncoded string,
(hyperref)                removing `\T1/aett/m/n/10' on input line 436.


Package hyperref Warning: Token not allowed in a PDFDocEncoded string,
(hyperref)                removing `\ignorespaces' on input line 436.

[5] [6]
Underfull \vbox (badness 10000) has occurred while \output is active []

 [7]

Package hyperref Warning: Token not allowed in a PDFDocEncoded string,
(hyperref)                removing `\<def>-command' on input line 553.


Package hyperref Warning: Token not allowed in a PDFDocEncoded string,
(hyperref)                removing `\f@encoding' on input line 553.


Package hyperref Warning: Token not allowed in a PDFDocEncoded string,
(hyperref)                removing `\<let>-command' on input line 553.


Package hyperref Warning: Token not allowed in a PDFDocEncoded string,
(hyperref)                removing `\<def>-command' on input line 553.


Package hyperref Warning: Token not allowed in a PDFDocEncoded string,
(hyperref)                removing `\f@family' on input line 553.


Package hyperref Warning: Token not allowed in a PDFDocEncoded string,
(hyperref)                removing `\<def>-command' on input line 553.


Package hyperref Warning: Token not allowed in a PDFDocEncoded string,
(hyperref)                removing `\f@series' on input line 553.


Package hyperref Warning: Token not allowed in a PDFDocEncoded string,
(hyperref)                removing `\<def>-command' on input line 553.


Package hyperref Warning: Token not allowed in a PDFDocEncoded string,
(hyperref)                removing `\f@shape' on input line 553.


Package hyperref Warning: Token not allowed in a PDFDocEncoded string,
(hyperref)                removing `\<def>-command' on input line 553.


Package hyperref Warning: Token not allowed in a PDFDocEncoded string,
(hyperref)                removing `\font@name' on input line 553.


Package hyperref Warning: Token not allowed in a PDFDocEncoded string,
(hyperref)                removing `\T1/aett/m/n/10' on input line 553.


Package hyperref Warning: Token not allowed in a PDFDocEncoded string,
(hyperref)                removing `\ignorespaces' on input line 553.


Package hyperref Warning: Token not allowed in a PDFDocEncoded string,
(hyperref)                removing `\<def>-command' on input line 553.


Package hyperref Warning: Token not allowed in a PDFDocEncoded string,
(hyperref)                removing `\f@shape' on input line 553.


Package hyperref Warning: Token not allowed in a PDFDocEncoded string,
(hyperref)                removing `\<def>-command' on input line 553.


Package hyperref Warning: Token not allowed in a PDFDocEncoded string,
(hyperref)                removing `\font@name' on input line 553.


Package hyperref Warning: Token not allowed in a PDFDocEncoded string,
(hyperref)                removing `\T1/aett/m/n/10' on input line 553.


Package hyperref Warning: Token not allowed in a PDFDocEncoded string,
(hyperref)                removing `\<def>-command' on input line 553.


Package hyperref Warning: Token not allowed in a PDFDocEncoded string,
(hyperref)                removing `\f@encoding' on input line 553.


Package hyperref Warning: Token not allowed in a PDFDocEncoded string,
(hyperref)                removing `\<let>-command' on input line 553.


Package hyperref Warning: Token not allowed in a PDFDocEncoded string,
(hyperref)                removing `\<def>-command' on input line 553.


Package hyperref Warning: Token not allowed in a PDFDocEncoded string,
(hyperref)                removing `\f@family' on input line 553.


Package hyperref Warning: Token not allowed in a PDFDocEncoded string,
(hyperref)                removing `\<def>-command' on input line 553.


Package hyperref Warning: Token not allowed in a PDFDocEncoded string,
(hyperref)                removing `\f@series' on input line 553.


Package hyperref Warning: Token not allowed in a PDFDocEncoded string,
(hyperref)                removing `\<def>-command' on input line 553.


Package hyperref Warning: Token not allowed in a PDFDocEncoded string,
(hyperref)                removing `\f@shape' on input line 553.


Package hyperref Warning: Token not allowed in a PDFDocEncoded string,
(hyperref)                removing `\<def>-command' on input line 553.


Package hyperref Warning: Token not allowed in a PDFDocEncoded string,
(hyperref)                removing `\font@name' on input line 553.


Package hyperref Warning: Token not allowed in a PDFDocEncoded string,
(hyperref)                removing `\T1/aett/m/n/10' on input line 553.


Package hyperref Warning: Token not allowed in a PDFDocEncoded string,
(hyperref)                removing `\ignorespaces' on input line 553.

[8] <anchors-vignette-order.pdf, id=156, 433.62pt x 433.62pt>
File: anchors-vignette-order.pdf Graphic file (type pdf)

<use anchors-vignette-order.pdf> [9 <./anchors-vignette-order.pdf>]
Underfull \vbox (badness 10000) has occurred while \output is active []

 [10]
Underfull \vbox (badness 1565) has occurred while \output is active []

 [11]
Overfull \hbox (71.39595pt too wide) in paragraph at lines 733--739
\T1/aer/m/n/10 vi-gnettes as sug-gested by Wand and King (2007) is straight-for
-ward. The \T1/aett/bx/n/10 anchors(...,combn=TRUE)
 []

[12] <anchors-entropy1.pdf, id=182, 433.62pt x 433.62pt>
File: anchors-entropy1.pdf Graphic file (type pdf)

<use anchors-entropy1.pdf> [13] <xymatrix 9x4 562> [14 <./anchors-entropy1.pdf>
] <xymatrix 6x4 300> [15]

Package hyperref Warning: Token not allowed in a PDFDocEncoded string,
(hyperref)                removing `\<def>-command' on input line 1045.


Package hyperref Warning: Token not allowed in a PDFDocEncoded string,
(hyperref)                removing `\f@encoding' on input line 1045.


Package hyperref Warning: Token not allowed in a PDFDocEncoded string,
(hyperref)                removing `\<let>-command' on input line 1045.


Package hyperref Warning: Token not allowed in a PDFDocEncoded string,
(hyperref)                removing `\<def>-command' on input line 1045.


Package hyperref Warning: Token not allowed in a PDFDocEncoded string,
(hyperref)                removing `\f@family' on input line 1045.


Package hyperref Warning: Token not allowed in a PDFDocEncoded string,
(hyperref)                removing `\<def>-command' on input line 1045.


Package hyperref Warning: Token not allowed in a PDFDocEncoded string,
(hyperref)                removing `\f@series' on input line 1045.


Package hyperref Warning: Token not allowed in a PDFDocEncoded string,
(hyperref)                removing `\<def>-command' on input line 1045.


Package hyperref Warning: Token not allowed in a PDFDocEncoded string,
(hyperref)                removing `\f@shape' on input line 1045.


Package hyperref Warning: Token not allowed in a PDFDocEncoded string,
(hyperref)                removing `\<def>-command' on input line 1045.


Package hyperref Warning: Token not allowed in a PDFDocEncoded string,
(hyperref)                removing `\font@name' on input line 1045.


Package hyperref Warning: Token not allowed in a PDFDocEncoded string,
(hyperref)                removing `\T1/aett/m/n/10' on input line 1045.


Package hyperref Warning: Token not allowed in a PDFDocEncoded string,
(hyperref)                removing `\ignorespaces' on input line 1045.


Package hyperref Warning: Token not allowed in a PDFDocEncoded string,
(hyperref)                removing `\<def>-command' on input line 1045.


Package hyperref Warning: Token not allowed in a PDFDocEncoded string,
(hyperref)                removing `\f@shape' on input line 1045.


Package hyperref Warning: Token not allowed in a PDFDocEncoded string,
(hyperref)                removing `\<def>-command' on input line 1045.


Package hyperref Warning: Token not allowed in a PDFDocEncoded string,
(hyperref)                removing `\font@name' on input line 1045.


Package hyperref Warning: Token not allowed in a PDFDocEncoded string,
(hyperref)                removing `\T1/aett/m/n/10' on input line 1045.


Package hyperref Warning: Token not allowed in a PDFDocEncoded string,
(hyperref)                removing `\<def>-command' on input line 1045.


Package hyperref Warning: Token not allowed in a PDFDocEncoded string,
(hyperref)                removing `\f@encoding' on input line 1045.


Package hyperref Warning: Token not allowed in a PDFDocEncoded string,
(hyperref)                removing `\<let>-command' on input line 1045.


Package hyperref Warning: Token not allowed in a PDFDocEncoded string,
(hyperref)                removing `\<def>-command' on input line 1045.


Package hyperref Warning: Token not allowed in a PDFDocEncoded string,
(hyperref)                removing `\f@family' on input line 1045.


Package hyperref Warning: Token not allowed in a PDFDocEncoded string,
(hyperref)                removing `\<def>-command' on input line 1045.


Package hyperref Warning: Token not allowed in a PDFDocEncoded string,
(hyperref)                removing `\f@series' on input line 1045.


Package hyperref Warning: Token not allowed in a PDFDocEncoded string,
(hyperref)                removing `\<def>-command' on input line 1045.


Package hyperref Warning: Token not allowed in a PDFDocEncoded string,
(hyperref)                removing `\f@shape' on input line 1045.


Package hyperref Warning: Token not allowed in a PDFDocEncoded string,
(hyperref)                removing `\<def>-command' on input line 1045.


Package hyperref Warning: Token not allowed in a PDFDocEncoded string,
(hyperref)                removing `\font@name' on input line 1045.


Package hyperref Warning: Token not allowed in a PDFDocEncoded string,
(hyperref)                removing `\T1/aett/m/n/10' on input line 1045.


Package hyperref Warning: Token not allowed in a PDFDocEncoded string,
(hyperref)                removing `\ignorespaces' on input line 1045.

[16] [17]
Underfull \vbox (badness 10000) has occurred while \output is active []

 [18]
Overfull \hbox (65.84503pt too wide) in paragraph at lines 1196--1222
\T1/aer/m/n/10 of them. [] 
 []

[19] (./anchors.bbl) [20] (./anchors.aux)

LaTeX Font Warning: Some font shapes were not available, defaults substituted.

 ) 
Here is how much of TeX's memory you used:
 7918 strings out of 95086
 101155 string characters out of 1183254
 200945 words of memory out of 1500000
 10697 multiletter control sequences out of 10000+50000
 39531 words of font info for 88 fonts, out of 1200000 for 2000
 189 hyphenation exceptions out of 8191
 35i,18n,40p,390b,511s stack positions out of 5000i,500n,6000p,200000b,5000s
</usr/share/texmf-texlive/fonts/type1/bluesky/cm/cmbx10.pfb></usr/share/texmf
-texlive/fonts/type1/bluesky/cm/cmcsc10.pfb></usr/share/texmf-texlive/fonts/typ
e1/bluesky/cm/cmex10.pfb></usr/share/texmf-texlive/fonts/type1/bluesky/cm/cmitt
10.pfb></usr/share/texmf-texlive/fonts/type1/bluesky/cm/cmmi10.pfb></usr/share/
texmf-texlive/fonts/type1/bluesky/cm/cmmi5.pfb></usr/share/texmf-texlive/fonts/
type1/bluesky/cm/cmmi7.pfb></usr/share/texmf-texlive/fonts/type1/bluesky/cm/cmr
10.pfb></usr/share/texmf-texlive/fonts/type1/bluesky/cm/cmr5.pfb></usr/share/te
xmf-texlive/fonts/type1/bluesky/cm/cmr7.pfb></usr/share/texmf-texlive/fonts/typ
e1/bluesky/cm/cmr8.pfb></usr/share/texmf-texlive/fonts/type1/bluesky/cm/cmsltt1
0.pfb></usr/share/texmf-texlive/fonts/type1/bluesky/cm/cmss10.pfb></usr/share/t
exmf-texlive/fonts/type1/bluesky/cm/cmss8.pfb></usr/share/texmf-texlive/fonts/t
ype1/bluesky/cm/cmsy10.pfb></usr/share/texmf-texlive/fonts/type1/bluesky/cm/cms
y7.pfb></usr/share/texmf-texlive/fonts/type1/bluesky/cm/cmti10.pfb></usr/share/
texmf-texlive/fonts/type1/bluesky/cm/cmti8.pfb></usr/share/texmf-texlive/fonts/
type1/bluesky/cm/cmtt10.pfb></usr/share/texmf-texlive/fonts/type1/bluesky/cm/cm
tt8.pfb></usr/share/texmf-texlive/fonts/type1/public/xypic/xyatip10.pfb></usr/s
hare/texmf-texlive/fonts/type1/public/xypic/xybsql10.pfb></usr/share/texmf-texl
ive/fonts/type1/public/xypic/xybtip10.pfb></usr/share/texmf-texlive/fonts/type1
/public/xypic/xydash10.pfb>
Output written on anchors.pdf (20 pages, 222341 bytes).
PDF statistics:
 334 PDF objects out of 1000 (max. 8388607)
 59 named destinations out of 1000 (max. 131072)
 155 words of extra memory for PDF output out of 10000 (max. 10000000)

